[2021-10-25 07:53:48] local.ERROR: Class 'App\Providers\AppServiceProvider' not found {"exception":"[object] (Error(code: 0): Class 'App\\Providers\\AppServiceProvider' not found at /Users/woutersteggerda/Projects/COR/vendor/laravel/framework/src/Illuminate/Foundation/ProviderRepository.php:208)
[stacktrace]
#0 /Users/woutersteggerda/Projects/COR/vendor/laravel/framework/src/Illuminate/Foundation/ProviderRepository.php(144): Illuminate\\Foundation\\ProviderRepository->createProvider('App\\\\Providers\\\\A...')
#1 /Users/woutersteggerda/Projects/COR/vendor/laravel/framework/src/Illuminate/Foundation/ProviderRepository.php(61): Illuminate\\Foundation\\ProviderRepository->compileManifest(Array)
#2 /Users/woutersteggerda/Projects/COR/vendor/laravel/framework/src/Illuminate/Foundation/Application.php(649): Illuminate\\Foundation\\ProviderRepository->load(Array)
#3 /Users/woutersteggerda/Projects/COR/vendor/laravel/framework/src/Illuminate/Foundation/Bootstrap/RegisterProviders.php(17): Illuminate\\Foundation\\Application->registerConfiguredProviders()
#4 /Users/woutersteggerda/Projects/COR/vendor/laravel/framework/src/Illuminate/Foundation/Application.php(237): Illuminate\\Foundation\\Bootstrap\\RegisterProviders->bootstrap(Object(Illuminate\\Foundation\\Application))
#5 /Users/woutersteggerda/Projects/COR/vendor/laravel/framework/src/Illuminate/Foundation/Console/Kernel.php(310): Illuminate\\Foundation\\Application->bootstrapWith(Array)
#6 /Users/woutersteggerda/Projects/COR/vendor/laravel/framework/src/Illuminate/Foundation/Console/Kernel.php(127): Illuminate\\Foundation\\Console\\Kernel->bootstrap()
#7 /Users/woutersteggerda/Projects/COR/artisan(37): Illuminate\\Foundation\\Console\\Kernel->handle(Object(Symfony\\Component\\Console\\Input\\ArgvInput), Object(Symfony\\Component\\Console\\Output\\ConsoleOutput))
#8 {main}
"}
[2021-10-25 08:00:06] local.ERROR: Class 'Vng\Cor\App\Providers\AppServiceProvider' not found {"exception":"[object] (Error(code: 0): Class 'Vng\\Cor\\App\\Providers\\AppServiceProvider' not found at /Users/woutersteggerda/Projects/COR/vendor/laravel/framework/src/Illuminate/Foundation/ProviderRepository.php:208)
[stacktrace]
#0 /Users/woutersteggerda/Projects/COR/vendor/laravel/framework/src/Illuminate/Foundation/ProviderRepository.php(144): Illuminate\\Foundation\\ProviderRepository->createProvider('Vng\\\\Cor\\\\App\\\\Pro...')
#1 /Users/woutersteggerda/Projects/COR/vendor/laravel/framework/src/Illuminate/Foundation/ProviderRepository.php(61): Illuminate\\Foundation\\ProviderRepository->compileManifest(Array)
#2 /Users/woutersteggerda/Projects/COR/vendor/laravel/framework/src/Illuminate/Foundation/Application.php(649): Illuminate\\Foundation\\ProviderRepository->load(Array)
#3 /Users/woutersteggerda/Projects/COR/vendor/laravel/framework/src/Illuminate/Foundation/Bootstrap/RegisterProviders.php(17): Illuminate\\Foundation\\Application->registerConfiguredProviders()
#4 /Users/woutersteggerda/Projects/COR/vendor/laravel/framework/src/Illuminate/Foundation/Application.php(237): Illuminate\\Foundation\\Bootstrap\\RegisterProviders->bootstrap(Object(Illuminate\\Foundation\\Application))
#5 /Users/woutersteggerda/Projects/COR/vendor/laravel/framework/src/Illuminate/Foundation/Console/Kernel.php(310): Illuminate\\Foundation\\Application->bootstrapWith(Array)
#6 /Users/woutersteggerda/Projects/COR/vendor/laravel/framework/src/Illuminate/Foundation/Console/Kernel.php(127): Illuminate\\Foundation\\Console\\Kernel->bootstrap()
#7 /Users/woutersteggerda/Projects/COR/artisan(37): Illuminate\\Foundation\\Console\\Kernel->handle(Object(Symfony\\Component\\Console\\Input\\ArgvInput), Object(Symfony\\Component\\Console\\Output\\ConsoleOutput))
#8 {main}
"}
[2021-10-25 08:04:36] local.ERROR: Class 'Vng\EvaCore\Providers\AuthServiceProvider' not found {"exception":"[object] (Error(code: 0): Class 'Vng\\Cor\\Src\\Providers\\AuthServiceProvider' not found at /Users/woutersteggerda/Projects/COR/vendor/laravel/framework/src/Illuminate/Foundation/ProviderRepository.php:208)
[stacktrace]
#0 /Users/woutersteggerda/Projects/COR/vendor/laravel/framework/src/Illuminate/Foundation/ProviderRepository.php(144): Illuminate\\Foundation\\ProviderRepository->createProvider('Vng\\\\Cor\\\\Src\\\\Pro...')
#1 /Users/woutersteggerda/Projects/COR/vendor/laravel/framework/src/Illuminate/Foundation/ProviderRepository.php(61): Illuminate\\Foundation\\ProviderRepository->compileManifest(Array)
#2 /Users/woutersteggerda/Projects/COR/vendor/laravel/framework/src/Illuminate/Foundation/Application.php(649): Illuminate\\Foundation\\ProviderRepository->load(Array)
#3 /Users/woutersteggerda/Projects/COR/vendor/laravel/framework/src/Illuminate/Foundation/Bootstrap/RegisterProviders.php(17): Illuminate\\Foundation\\Application->registerConfiguredProviders()
#4 /Users/woutersteggerda/Projects/COR/vendor/laravel/framework/src/Illuminate/Foundation/Application.php(237): Illuminate\\Foundation\\Bootstrap\\RegisterProviders->bootstrap(Object(Illuminate\\Foundation\\Application))
#5 /Users/woutersteggerda/Projects/COR/vendor/laravel/framework/src/Illuminate/Foundation/Console/Kernel.php(310): Illuminate\\Foundation\\Application->bootstrapWith(Array)
#6 /Users/woutersteggerda/Projects/COR/vendor/laravel/framework/src/Illuminate/Foundation/Console/Kernel.php(127): Illuminate\\Foundation\\Console\\Kernel->bootstrap()
#7 /Users/woutersteggerda/Projects/COR/artisan(37): Illuminate\\Foundation\\Console\\Kernel->handle(Object(Symfony\\Component\\Console\\Input\\ArgvInput), Object(Symfony\\Component\\Console\\Output\\ConsoleOutput))
#8 {main}
"}
[2021-10-25 08:06:11] local.ERROR: Target class [App\Http\Kernel] does not exist. {"exception":"[object] (Illuminate\\Contracts\\Container\\BindingResolutionException(code: 0): Target class [App\\Http\\Kernel] does not exist. at /Users/woutersteggerda/Projects/COR/vendor/laravel/framework/src/Illuminate/Container/Container.php:879)
[stacktrace]
#0 /Users/woutersteggerda/Projects/COR/vendor/laravel/framework/src/Illuminate/Container/Container.php(758): Illuminate\\Container\\Container->build('App\\\\Http\\\\Kernel')
#1 /Users/woutersteggerda/Projects/COR/vendor/laravel/framework/src/Illuminate/Foundation/Application.php(841): Illuminate\\Container\\Container->resolve('App\\\\Http\\\\Kernel', Array, false)
#2 /Users/woutersteggerda/Projects/COR/vendor/laravel/framework/src/Illuminate/Container/Container.php(296): Illuminate\\Foundation\\Application->resolve('App\\\\Http\\\\Kernel', Array, false)
#3 /Users/woutersteggerda/Projects/COR/vendor/laravel/framework/src/Illuminate/Container/Container.php(873): Illuminate\\Container\\Container->Illuminate\\Container\\{closure}(Object(Illuminate\\Foundation\\Application), Array)
#4 /Users/woutersteggerda/Projects/COR/vendor/laravel/framework/src/Illuminate/Container/Container.php(758): Illuminate\\Container\\Container->build(Object(Closure))
#5 /Users/woutersteggerda/Projects/COR/vendor/laravel/framework/src/Illuminate/Foundation/Application.php(841): Illuminate\\Container\\Container->resolve('Illuminate\\\\Cont...', Array, true)
#6 /Users/woutersteggerda/Projects/COR/vendor/laravel/framework/src/Illuminate/Container/Container.php(694): Illuminate\\Foundation\\Application->resolve('Illuminate\\\\Cont...', Array)
#7 /Users/woutersteggerda/Projects/COR/vendor/laravel/framework/src/Illuminate/Foundation/Application.php(826): Illuminate\\Container\\Container->make('Illuminate\\\\Cont...', Array)
#8 /Users/woutersteggerda/Projects/COR/vendor/laravel/sanctum/src/SanctumServiceProvider.php(128): Illuminate\\Foundation\\Application->make('Illuminate\\\\Cont...')
#9 /Users/woutersteggerda/Projects/COR/vendor/laravel/sanctum/src/SanctumServiceProvider.php(55): Laravel\\Sanctum\\SanctumServiceProvider->configureMiddleware()
#10 /Users/woutersteggerda/Projects/COR/vendor/laravel/framework/src/Illuminate/Container/BoundMethod.php(36): Laravel\\Sanctum\\SanctumServiceProvider->boot()
#11 /Users/woutersteggerda/Projects/COR/vendor/laravel/framework/src/Illuminate/Container/Util.php(40): Illuminate\\Container\\BoundMethod::Illuminate\\Container\\{closure}()
#12 /Users/woutersteggerda/Projects/COR/vendor/laravel/framework/src/Illuminate/Container/BoundMethod.php(93): Illuminate\\Container\\Util::unwrapIfClosure(Object(Closure))
#13 /Users/woutersteggerda/Projects/COR/vendor/laravel/framework/src/Illuminate/Container/BoundMethod.php(37): Illuminate\\Container\\BoundMethod::callBoundMethod(Object(Illuminate\\Foundation\\Application), Array, Object(Closure))
#14 /Users/woutersteggerda/Projects/COR/vendor/laravel/framework/src/Illuminate/Container/Container.php(653): Illuminate\\Container\\BoundMethod::call(Object(Illuminate\\Foundation\\Application), Array, Array, NULL)
#15 /Users/woutersteggerda/Projects/COR/vendor/laravel/framework/src/Illuminate/Foundation/Application.php(914): Illuminate\\Container\\Container->call(Array)
#16 /Users/woutersteggerda/Projects/COR/vendor/laravel/framework/src/Illuminate/Foundation/Application.php(895): Illuminate\\Foundation\\Application->bootProvider(Object(Laravel\\Sanctum\\SanctumServiceProvider))
#17 [internal function]: Illuminate\\Foundation\\Application->Illuminate\\Foundation\\{closure}(Object(Laravel\\Sanctum\\SanctumServiceProvider), 17)
#18 /Users/woutersteggerda/Projects/COR/vendor/laravel/framework/src/Illuminate/Foundation/Application.php(896): array_walk(Array, Object(Closure))
#19 /Users/woutersteggerda/Projects/COR/vendor/laravel/framework/src/Illuminate/Foundation/Bootstrap/BootProviders.php(17): Illuminate\\Foundation\\Application->boot()
#20 /Users/woutersteggerda/Projects/COR/vendor/laravel/framework/src/Illuminate/Foundation/Application.php(237): Illuminate\\Foundation\\Bootstrap\\BootProviders->bootstrap(Object(Illuminate\\Foundation\\Application))
#21 /Users/woutersteggerda/Projects/COR/vendor/laravel/framework/src/Illuminate/Foundation/Console/Kernel.php(310): Illuminate\\Foundation\\Application->bootstrapWith(Array)
#22 /Users/woutersteggerda/Projects/COR/vendor/laravel/framework/src/Illuminate/Foundation/Console/Kernel.php(127): Illuminate\\Foundation\\Console\\Kernel->bootstrap()
#23 /Users/woutersteggerda/Projects/COR/artisan(37): Illuminate\\Foundation\\Console\\Kernel->handle(Object(Symfony\\Component\\Console\\Input\\ArgvInput), Object(Symfony\\Component\\Console\\Output\\ConsoleOutput))
#24 {main}

[previous exception] [object] (ReflectionException(code: -1): Class App\\Http\\Kernel does not exist at /Users/woutersteggerda/Projects/COR/vendor/laravel/framework/src/Illuminate/Container/Container.php:877)
[stacktrace]
#0 /Users/woutersteggerda/Projects/COR/vendor/laravel/framework/src/Illuminate/Container/Container.php(877): ReflectionClass->__construct('App\\\\Http\\\\Kernel')
#1 /Users/woutersteggerda/Projects/COR/vendor/laravel/framework/src/Illuminate/Container/Container.php(758): Illuminate\\Container\\Container->build('App\\\\Http\\\\Kernel')
#2 /Users/woutersteggerda/Projects/COR/vendor/laravel/framework/src/Illuminate/Foundation/Application.php(841): Illuminate\\Container\\Container->resolve('App\\\\Http\\\\Kernel', Array, false)
#3 /Users/woutersteggerda/Projects/COR/vendor/laravel/framework/src/Illuminate/Container/Container.php(296): Illuminate\\Foundation\\Application->resolve('App\\\\Http\\\\Kernel', Array, false)
#4 /Users/woutersteggerda/Projects/COR/vendor/laravel/framework/src/Illuminate/Container/Container.php(873): Illuminate\\Container\\Container->Illuminate\\Container\\{closure}(Object(Illuminate\\Foundation\\Application), Array)
#5 /Users/woutersteggerda/Projects/COR/vendor/laravel/framework/src/Illuminate/Container/Container.php(758): Illuminate\\Container\\Container->build(Object(Closure))
#6 /Users/woutersteggerda/Projects/COR/vendor/laravel/framework/src/Illuminate/Foundation/Application.php(841): Illuminate\\Container\\Container->resolve('Illuminate\\\\Cont...', Array, true)
#7 /Users/woutersteggerda/Projects/COR/vendor/laravel/framework/src/Illuminate/Container/Container.php(694): Illuminate\\Foundation\\Application->resolve('Illuminate\\\\Cont...', Array)
#8 /Users/woutersteggerda/Projects/COR/vendor/laravel/framework/src/Illuminate/Foundation/Application.php(826): Illuminate\\Container\\Container->make('Illuminate\\\\Cont...', Array)
#9 /Users/woutersteggerda/Projects/COR/vendor/laravel/sanctum/src/SanctumServiceProvider.php(128): Illuminate\\Foundation\\Application->make('Illuminate\\\\Cont...')
#10 /Users/woutersteggerda/Projects/COR/vendor/laravel/sanctum/src/SanctumServiceProvider.php(55): Laravel\\Sanctum\\SanctumServiceProvider->configureMiddleware()
#11 /Users/woutersteggerda/Projects/COR/vendor/laravel/framework/src/Illuminate/Container/BoundMethod.php(36): Laravel\\Sanctum\\SanctumServiceProvider->boot()
#12 /Users/woutersteggerda/Projects/COR/vendor/laravel/framework/src/Illuminate/Container/Util.php(40): Illuminate\\Container\\BoundMethod::Illuminate\\Container\\{closure}()
#13 /Users/woutersteggerda/Projects/COR/vendor/laravel/framework/src/Illuminate/Container/BoundMethod.php(93): Illuminate\\Container\\Util::unwrapIfClosure(Object(Closure))
#14 /Users/woutersteggerda/Projects/COR/vendor/laravel/framework/src/Illuminate/Container/BoundMethod.php(37): Illuminate\\Container\\BoundMethod::callBoundMethod(Object(Illuminate\\Foundation\\Application), Array, Object(Closure))
#15 /Users/woutersteggerda/Projects/COR/vendor/laravel/framework/src/Illuminate/Container/Container.php(653): Illuminate\\Container\\BoundMethod::call(Object(Illuminate\\Foundation\\Application), Array, Array, NULL)
#16 /Users/woutersteggerda/Projects/COR/vendor/laravel/framework/src/Illuminate/Foundation/Application.php(914): Illuminate\\Container\\Container->call(Array)
#17 /Users/woutersteggerda/Projects/COR/vendor/laravel/framework/src/Illuminate/Foundation/Application.php(895): Illuminate\\Foundation\\Application->bootProvider(Object(Laravel\\Sanctum\\SanctumServiceProvider))
#18 [internal function]: Illuminate\\Foundation\\Application->Illuminate\\Foundation\\{closure}(Object(Laravel\\Sanctum\\SanctumServiceProvider), 17)
#19 /Users/woutersteggerda/Projects/COR/vendor/laravel/framework/src/Illuminate/Foundation/Application.php(896): array_walk(Array, Object(Closure))
#20 /Users/woutersteggerda/Projects/COR/vendor/laravel/framework/src/Illuminate/Foundation/Bootstrap/BootProviders.php(17): Illuminate\\Foundation\\Application->boot()
#21 /Users/woutersteggerda/Projects/COR/vendor/laravel/framework/src/Illuminate/Foundation/Application.php(237): Illuminate\\Foundation\\Bootstrap\\BootProviders->bootstrap(Object(Illuminate\\Foundation\\Application))
#22 /Users/woutersteggerda/Projects/COR/vendor/laravel/framework/src/Illuminate/Foundation/Console/Kernel.php(310): Illuminate\\Foundation\\Application->bootstrapWith(Array)
#23 /Users/woutersteggerda/Projects/COR/vendor/laravel/framework/src/Illuminate/Foundation/Console/Kernel.php(127): Illuminate\\Foundation\\Console\\Kernel->bootstrap()
#24 /Users/woutersteggerda/Projects/COR/artisan(37): Illuminate\\Foundation\\Console\\Kernel->handle(Object(Symfony\\Component\\Console\\Input\\ArgvInput), Object(Symfony\\Component\\Console\\Output\\ConsoleOutput))
#25 {main}
"}
[2021-10-27 13:39:09] local.ERROR: Unable to detect application namespace. {"exception":"[object] (RuntimeException(code: 0): Unable to detect application namespace. at /Users/woutersteggerda/Projects/COR/vendor/laravel/framework/src/Illuminate/Foundation/Application.php:1399)
[stacktrace]
#0 /Users/woutersteggerda/Projects/COR/vendor/laravel/framework/src/Illuminate/Console/GeneratorCommand.php(371): Illuminate\\Foundation\\Application->getNamespace()
#1 /Users/woutersteggerda/Projects/COR/vendor/laravel/framework/src/Illuminate/Console/GeneratorCommand.php(185): Illuminate\\Console\\GeneratorCommand->rootNamespace()
#2 /Users/woutersteggerda/Projects/COR/vendor/laravel/framework/src/Illuminate/Console/GeneratorCommand.php(144): Illuminate\\Console\\GeneratorCommand->qualifyClass('EvaServiceProvi...')
#3 /Users/woutersteggerda/Projects/COR/vendor/laravel/framework/src/Illuminate/Container/BoundMethod.php(36): Illuminate\\Console\\GeneratorCommand->handle()
#4 /Users/woutersteggerda/Projects/COR/vendor/laravel/framework/src/Illuminate/Container/Util.php(40): Illuminate\\Container\\BoundMethod::Illuminate\\Container\\{closure}()
#5 /Users/woutersteggerda/Projects/COR/vendor/laravel/framework/src/Illuminate/Container/BoundMethod.php(93): Illuminate\\Container\\Util::unwrapIfClosure(Object(Closure))
#6 /Users/woutersteggerda/Projects/COR/vendor/laravel/framework/src/Illuminate/Container/BoundMethod.php(37): Illuminate\\Container\\BoundMethod::callBoundMethod(Object(Illuminate\\Foundation\\Application), Array, Object(Closure))
#7 /Users/woutersteggerda/Projects/COR/vendor/laravel/framework/src/Illuminate/Container/Container.php(653): Illuminate\\Container\\BoundMethod::call(Object(Illuminate\\Foundation\\Application), Array, Array, NULL)
#8 /Users/woutersteggerda/Projects/COR/vendor/laravel/framework/src/Illuminate/Console/Command.php(136): Illuminate\\Container\\Container->call(Array)
#9 /Users/woutersteggerda/Projects/COR/vendor/symfony/console/Command/Command.php(299): Illuminate\\Console\\Command->execute(Object(Symfony\\Component\\Console\\Input\\ArgvInput), Object(Illuminate\\Console\\OutputStyle))
#10 /Users/woutersteggerda/Projects/COR/vendor/laravel/framework/src/Illuminate/Console/Command.php(121): Symfony\\Component\\Console\\Command\\Command->run(Object(Symfony\\Component\\Console\\Input\\ArgvInput), Object(Illuminate\\Console\\OutputStyle))
#11 /Users/woutersteggerda/Projects/COR/vendor/symfony/console/Application.php(978): Illuminate\\Console\\Command->run(Object(Symfony\\Component\\Console\\Input\\ArgvInput), Object(Symfony\\Component\\Console\\Output\\ConsoleOutput))
#12 /Users/woutersteggerda/Projects/COR/vendor/symfony/console/Application.php(295): Symfony\\Component\\Console\\Application->doRunCommand(Object(Illuminate\\Foundation\\Console\\ProviderMakeCommand), Object(Symfony\\Component\\Console\\Input\\ArgvInput), Object(Symfony\\Component\\Console\\Output\\ConsoleOutput))
#13 /Users/woutersteggerda/Projects/COR/vendor/symfony/console/Application.php(167): Symfony\\Component\\Console\\Application->doRun(Object(Symfony\\Component\\Console\\Input\\ArgvInput), Object(Symfony\\Component\\Console\\Output\\ConsoleOutput))
#14 /Users/woutersteggerda/Projects/COR/vendor/laravel/framework/src/Illuminate/Console/Application.php(94): Symfony\\Component\\Console\\Application->run(Object(Symfony\\Component\\Console\\Input\\ArgvInput), Object(Symfony\\Component\\Console\\Output\\ConsoleOutput))
#15 /Users/woutersteggerda/Projects/COR/vendor/laravel/framework/src/Illuminate/Foundation/Console/Kernel.php(129): Illuminate\\Console\\Application->run(Object(Symfony\\Component\\Console\\Input\\ArgvInput), Object(Symfony\\Component\\Console\\Output\\ConsoleOutput))
#16 /Users/woutersteggerda/Projects/COR/artisan(37): Illuminate\\Foundation\\Console\\Kernel->handle(Object(Symfony\\Component\\Console\\Input\\ArgvInput), Object(Symfony\\Component\\Console\\Output\\ConsoleOutput))
#17 {main}
"}
[2021-10-27 14:21:00] local.ERROR: Unable to find observer: Vng\EvaCore\Providers\ContactablesObserver {"exception":"[object] (InvalidArgumentException(code: 0): Unable to find observer: Vng\\Cor\\Src\\Providers\\ContactablesObserver at /Users/woutersteggerda/Projects/COR/vendor/laravel/framework/src/Illuminate/Database/Eloquent/Concerns/HasEvents.php:87)
[stacktrace]
#0 /Users/woutersteggerda/Projects/COR/vendor/laravel/framework/src/Illuminate/Database/Eloquent/Concerns/HasEvents.php(57): Illuminate\\Database\\Eloquent\\Model->resolveObserverClassName('Vng\\\\Cor\\\\Src\\\\Pro...')
#1 /Users/woutersteggerda/Projects/COR/vendor/laravel/framework/src/Illuminate/Database/Eloquent/Concerns/HasEvents.php(43): Illuminate\\Database\\Eloquent\\Model->registerObserver('Vng\\\\Cor\\\\Src\\\\Pro...')
#2 /Users/woutersteggerda/Projects/COR/src/Providers/EventServiceProvider.php(61): Illuminate\\Database\\Eloquent\\Model::observe('Vng\\\\Cor\\\\Src\\\\Pro...')
#3 /Users/woutersteggerda/Projects/COR/src/Providers/EventServiceProvider.php(55): Vng\\Cor\\Src\\Providers\\EventServiceProvider->registerObservers()
#4 /Users/woutersteggerda/Projects/COR/vendor/laravel/framework/src/Illuminate/Container/BoundMethod.php(36): Vng\\Cor\\Src\\Providers\\EventServiceProvider->boot()
#5 /Users/woutersteggerda/Projects/COR/vendor/laravel/framework/src/Illuminate/Container/Util.php(40): Illuminate\\Container\\BoundMethod::Illuminate\\Container\\{closure}()
#6 /Users/woutersteggerda/Projects/COR/vendor/laravel/framework/src/Illuminate/Container/BoundMethod.php(93): Illuminate\\Container\\Util::unwrapIfClosure(Object(Closure))
#7 /Users/woutersteggerda/Projects/COR/vendor/laravel/framework/src/Illuminate/Container/BoundMethod.php(37): Illuminate\\Container\\BoundMethod::callBoundMethod(Object(Illuminate\\Foundation\\Application), Array, Object(Closure))
#8 /Users/woutersteggerda/Projects/COR/vendor/laravel/framework/src/Illuminate/Container/Container.php(653): Illuminate\\Container\\BoundMethod::call(Object(Illuminate\\Foundation\\Application), Array, Array, NULL)
#9 /Users/woutersteggerda/Projects/COR/vendor/laravel/framework/src/Illuminate/Foundation/Application.php(914): Illuminate\\Container\\Container->call(Array)
#10 /Users/woutersteggerda/Projects/COR/vendor/laravel/framework/src/Illuminate/Foundation/Application.php(895): Illuminate\\Foundation\\Application->bootProvider(Object(Vng\\Cor\\Src\\Providers\\EventServiceProvider))
#11 [internal function]: Illuminate\\Foundation\\Application->Illuminate\\Foundation\\{closure}(Object(Vng\\Cor\\Src\\Providers\\EventServiceProvider), 24)
#12 /Users/woutersteggerda/Projects/COR/vendor/laravel/framework/src/Illuminate/Foundation/Application.php(896): array_walk(Array, Object(Closure))
#13 /Users/woutersteggerda/Projects/COR/vendor/laravel/framework/src/Illuminate/Foundation/Bootstrap/BootProviders.php(17): Illuminate\\Foundation\\Application->boot()
#14 /Users/woutersteggerda/Projects/COR/vendor/laravel/framework/src/Illuminate/Foundation/Application.php(237): Illuminate\\Foundation\\Bootstrap\\BootProviders->bootstrap(Object(Illuminate\\Foundation\\Application))
#15 /Users/woutersteggerda/Projects/COR/vendor/laravel/framework/src/Illuminate/Foundation/Console/Kernel.php(310): Illuminate\\Foundation\\Application->bootstrapWith(Array)
#16 /Users/woutersteggerda/Projects/COR/vendor/laravel/framework/src/Illuminate/Foundation/Console/Kernel.php(127): Illuminate\\Foundation\\Console\\Kernel->bootstrap()
#17 /Users/woutersteggerda/Projects/COR/artisan(37): Illuminate\\Foundation\\Console\\Kernel->handle(Object(Symfony\\Component\\Console\\Input\\ArgvInput), Object(Symfony\\Component\\Console\\Output\\ConsoleOutput))
#18 {main}
"}
[2021-11-01 10:56:39] local.ERROR: Cannot instantiate abstract class Vng\EvaCore\Models\User {"exception":"[object] (Error(code: 0): Cannot instantiate abstract class Vng\\Cor\\Src\\Models\\User at /Users/woutersteggerda/Projects/eva-core/vendor/laravel/framework/src/Illuminate/Database/Eloquent/Concerns/HasEvents.php:40)
[stacktrace]
#0 /Users/woutersteggerda/Projects/eva-core/src/Providers/EventServiceProvider.php(89): Illuminate\\Database\\Eloquent\\Model::observe('Vng\\\\Cor\\\\Src\\\\Obs...')
#1 /Users/woutersteggerda/Projects/eva-core/src/Providers/EventServiceProvider.php(70): Vng\\Cor\\Src\\Providers\\EventServiceProvider->registerObservers()
#2 /Users/woutersteggerda/Projects/eva-core/vendor/laravel/framework/src/Illuminate/Container/BoundMethod.php(36): Vng\\Cor\\Src\\Providers\\EventServiceProvider->boot()
#3 /Users/woutersteggerda/Projects/eva-core/vendor/laravel/framework/src/Illuminate/Container/Util.php(40): Illuminate\\Container\\BoundMethod::Illuminate\\Container\\{closure}()
#4 /Users/woutersteggerda/Projects/eva-core/vendor/laravel/framework/src/Illuminate/Container/BoundMethod.php(93): Illuminate\\Container\\Util::unwrapIfClosure(Object(Closure))
#5 /Users/woutersteggerda/Projects/eva-core/vendor/laravel/framework/src/Illuminate/Container/BoundMethod.php(37): Illuminate\\Container\\BoundMethod::callBoundMethod(Object(Illuminate\\Foundation\\Application), Array, Object(Closure))
#6 /Users/woutersteggerda/Projects/eva-core/vendor/laravel/framework/src/Illuminate/Container/Container.php(653): Illuminate\\Container\\BoundMethod::call(Object(Illuminate\\Foundation\\Application), Array, Array, NULL)
#7 /Users/woutersteggerda/Projects/eva-core/vendor/laravel/framework/src/Illuminate/Foundation/Application.php(914): Illuminate\\Container\\Container->call(Array)
#8 /Users/woutersteggerda/Projects/eva-core/vendor/laravel/framework/src/Illuminate/Foundation/Application.php(895): Illuminate\\Foundation\\Application->bootProvider(Object(Vng\\Cor\\Src\\Providers\\EventServiceProvider))
#9 [internal function]: Illuminate\\Foundation\\Application->Illuminate\\Foundation\\{closure}(Object(Vng\\Cor\\Src\\Providers\\EventServiceProvider), 24)
#10 /Users/woutersteggerda/Projects/eva-core/vendor/laravel/framework/src/Illuminate/Foundation/Application.php(896): array_walk(Array, Object(Closure))
#11 /Users/woutersteggerda/Projects/eva-core/vendor/laravel/framework/src/Illuminate/Foundation/Bootstrap/BootProviders.php(17): Illuminate\\Foundation\\Application->boot()
#12 /Users/woutersteggerda/Projects/eva-core/vendor/laravel/framework/src/Illuminate/Foundation/Application.php(237): Illuminate\\Foundation\\Bootstrap\\BootProviders->bootstrap(Object(Illuminate\\Foundation\\Application))
#13 /Users/woutersteggerda/Projects/eva-core/vendor/laravel/framework/src/Illuminate/Foundation/Console/Kernel.php(310): Illuminate\\Foundation\\Application->bootstrapWith(Array)
#14 /Users/woutersteggerda/Projects/eva-core/vendor/laravel/framework/src/Illuminate/Foundation/Console/Kernel.php(127): Illuminate\\Foundation\\Console\\Kernel->bootstrap()
#15 /Users/woutersteggerda/Projects/eva-core/artisan(37): Illuminate\\Foundation\\Console\\Kernel->handle(Object(Symfony\\Component\\Console\\Input\\ArgvInput), Object(Symfony\\Component\\Console\\Output\\ConsoleOutput))
#16 {main}
"}
